[debug] [2025-03-22T18:27:40.216Z] ----------------------------------------------------------------------
[debug] [2025-03-22T18:27:40.255Z] Command:       C:\Program Files\nodejs\node.exe C:\Users\Propietario\AppData\Roaming\npm\node_modules\firebase-tools\lib\bin\firebase.js use match-home-7d1f9
[debug] [2025-03-22T18:27:40.257Z] CLI Version:   13.27.0
[debug] [2025-03-22T18:27:40.258Z] Platform:      win32
[debug] [2025-03-22T18:27:40.259Z] Node Version:  v20.18.0
[debug] [2025-03-22T18:27:40.259Z] Time:          Sat Mar 22 2025 12:27:40 GMT-0600 (hora estándar central)
[debug] [2025-03-22T18:27:40.260Z] ----------------------------------------------------------------------
[debug] 
[debug] [2025-03-22T18:27:41.404Z] > command requires scopes: ["email","openid","https://www.googleapis.com/auth/cloudplatformprojects.readonly","https://www.googleapis.com/auth/firebase","https://www.googleapis.com/auth/cloud-platform"]
[debug] [2025-03-22T18:27:41.414Z] > authorizing via signed-in user (matchhomebr@gmail.com)
[debug] [2025-03-22T18:27:41.440Z] Checked if tokens are valid: true, expires at: 1742669157170
[debug] [2025-03-22T18:27:41.443Z] Checked if tokens are valid: true, expires at: 1742669157170
[debug] [2025-03-22T18:27:41.453Z] >>> [apiv2][query] GET https://cloudresourcemanager.googleapis.com/v1/projects/match-home-7d1f9 [none]
[debug] [2025-03-22T18:27:42.665Z] <<< [apiv2][status] GET https://cloudresourcemanager.googleapis.com/v1/projects/match-home-7d1f9 200
[debug] [2025-03-22T18:27:42.666Z] <<< [apiv2][body] GET https://cloudresourcemanager.googleapis.com/v1/projects/match-home-7d1f9 {"projectNumber":"747751099607","projectId":"match-home-7d1f9","lifecycleState":"ACTIVE","name":"match-home","labels":{"firebase":"enabled"},"createTime":"2021-07-06T14:58:10.601Z"}
[info] Now using project match-home-7d1f9
[debug] [2025-03-22T18:27:48.519Z] Error: Timed out.
    at Timeout._onTimeout (C:\Users\Propietario\AppData\Roaming\npm\node_modules\firebase-tools\lib\utils.js:269:49)
    at listOnTimeout (node:internal/timers:581:17)
    at process.processTimers (node:internal/timers:519:7)
[error] 
[error] Error: An unexpected error has occurred.
